<?xml version="1.0" encoding="UTF-8"?>
<coverage generated="1637684584328" clover="3.2.0">
  <project timestamp="1637684584328" name="All files">
    <metrics statements="33" coveredstatements="33" conditionals="5" coveredconditionals="4" methods="13" coveredmethods="13" elements="51" coveredelements="50" complexity="0" loc="33" ncloc="33" packages="2" files="3" classes="3"/>
    <package name="mocks">
      <metrics statements="10" coveredstatements="10" conditionals="2" coveredconditionals="2" methods="4" coveredmethods="4"/>
      <file name="transaction_record_dummy.js" path="/Users/lukeb/Projects/week10/bank_tech_test/mocks/transaction_record_dummy.js">
        <metrics statements="10" coveredstatements="10" conditionals="2" coveredconditionals="2" methods="4" coveredmethods="4"/>
        <line num="3" count="1" type="stmt"/>
        <line num="4" count="1" type="stmt"/>
        <line num="5" count="1" type="stmt"/>
        <line num="10" count="3" type="stmt"/>
        <line num="11" count="3" type="stmt"/>
        <line num="14" count="3" type="stmt"/>
        <line num="17" count="3" type="stmt"/>
        <line num="21" count="3" type="stmt"/>
        <line num="25" count="6" type="cond" truecount="2" falsecount="0"/>
        <line num="29" count="1" type="stmt"/>
      </file>
    </package>
    <package name="model">
      <metrics statements="23" coveredstatements="23" conditionals="3" coveredconditionals="2" methods="9" coveredmethods="9"/>
      <file name="account.js" path="/Users/lukeb/Projects/week10/bank_tech_test/model/account.js">
        <metrics statements="13" coveredstatements="13" conditionals="1" coveredconditionals="0" methods="5" coveredmethods="5"/>
        <line num="1" count="1" type="stmt"/>
        <line num="6" count="1" type="stmt"/>
        <line num="7" count="1" type="stmt"/>
        <line num="12" count="3" type="stmt"/>
        <line num="13" count="3" type="stmt"/>
        <line num="14" count="3" type="stmt"/>
        <line num="15" count="3" type="stmt"/>
        <line num="17" count="3" type="stmt"/>
        <line num="18" count="3" type="stmt"/>
        <line num="22" count="3" type="stmt"/>
        <line num="26" count="3" type="stmt"/>
        <line num="30" count="3" type="stmt"/>
        <line num="35" count="1" type="stmt"/>
      </file>
      <file name="transaction_record.js" path="/Users/lukeb/Projects/week10/bank_tech_test/model/transaction_record.js">
        <metrics statements="10" coveredstatements="10" conditionals="2" coveredconditionals="2" methods="4" coveredmethods="4"/>
        <line num="3" count="1" type="stmt"/>
        <line num="4" count="1" type="stmt"/>
        <line num="5" count="1" type="stmt"/>
        <line num="10" count="1" type="stmt"/>
        <line num="11" count="1" type="stmt"/>
        <line num="14" count="1" type="stmt"/>
        <line num="17" count="1" type="stmt"/>
        <line num="21" count="1" type="stmt"/>
        <line num="25" count="2" type="cond" truecount="2" falsecount="0"/>
        <line num="29" count="2" type="stmt"/>
      </file>
    </package>
  </project>
</coverage>
