{"/Users/lukeb/Projects/week10/bank_tech_test/mocks/transaction_record_dummy.js": {"path":"/Users/lukeb/Projects/week10/bank_tech_test/mocks/transaction_record_dummy.js","statementMap":{"0":{"start":{"line":3,"column":2},"end":{"line":3,"column":62}},"1":{"start":{"line":4,"column":2},"end":{"line":4,"column":40}},"2":{"start":{"line":5,"column":2},"end":{"line":5,"column":60}},"3":{"start":{"line":10,"column":2},"end":{"line":10,"column":52}},"4":{"start":{"line":11,"column":2},"end":{"line":11,"column":50}},"5":{"start":{"line":14,"column":31},"end":{"line":14,"column":103}},"6":{"start":{"line":17,"column":2},"end":{"line":17,"column":163}},"7":{"start":{"line":21,"column":2},"end":{"line":21,"column":83}},"8":{"start":{"line":25,"column":2},"end":{"line":25,"column":67}},"9":{"start":{"line":29,"column":0},"end":{"line":29,"column":40}}},"fnMap":{"0":{"name":"(anonymous_0)","decl":{"start":{"line":2,"column":1},"end":{"line":2,"column":2}},"loc":{"start":{"line":2,"column":15},"end":{"line":6,"column":2}},"line":2},"1":{"name":"(anonymous_1)","decl":{"start":{"line":8,"column":1},"end":{"line":8,"column":2}},"loc":{"start":{"line":8,"column":52},"end":{"line":18,"column":2}},"line":8},"2":{"name":"(anonymous_2)","decl":{"start":{"line":20,"column":1},"end":{"line":20,"column":2}},"loc":{"start":{"line":20,"column":69},"end":{"line":22,"column":2}},"line":20},"3":{"name":"(anonymous_3)","decl":{"start":{"line":24,"column":1},"end":{"line":24,"column":2}},"loc":{"start":{"line":24,"column":23},"end":{"line":26,"column":2}},"line":24}},"branchMap":{"0":{"loc":{"start":{"line":25,"column":11},"end":{"line":25,"column":64}},"type":"cond-expr","locations":[{"start":{"line":25,"column":28},"end":{"line":25,"column":30}},{"start":{"line":25,"column":33},"end":{"line":25,"column":64}}],"line":25}},"s":{"0":1,"1":1,"2":1,"3":3,"4":3,"5":3,"6":3,"7":3,"8":6,"9":1},"f":{"0":1,"1":3,"2":3,"3":6},"b":{"0":[3,3]},"_coverageSchema":"1a1c01bbd47fc00a2c39e90264f33305004495a9","hash":"099903ac3915552ef4c20d9c3f11929e8577da23"}
,"/Users/lukeb/Projects/week10/bank_tech_test/model/account.js": {"path":"/Users/lukeb/Projects/week10/bank_tech_test/model/account.js","statementMap":{"0":{"start":{"line":1,"column":26},"end":{"line":1,"column":57}},"1":{"start":{"line":6,"column":2},"end":{"line":6,"column":22}},"2":{"start":{"line":7,"column":2},"end":{"line":7,"column":62}},"3":{"start":{"line":12,"column":22},"end":{"line":12,"column":43}},"4":{"start":{"line":13,"column":15},"end":{"line":13,"column":29}},"5":{"start":{"line":14,"column":22},"end":{"line":14,"column":46}},"6":{"start":{"line":15,"column":21},"end":{"line":15,"column":45}},"7":{"start":{"line":17,"column":2},"end":{"line":17,"column":51}},"8":{"start":{"line":18,"column":2},"end":{"line":18,"column":68}},"9":{"start":{"line":22,"column":2},"end":{"line":22,"column":61}},"10":{"start":{"line":26,"column":2},"end":{"line":26,"column":82}},"11":{"start":{"line":30,"column":2},"end":{"line":30,"column":43}},"12":{"start":{"line":35,"column":0},"end":{"line":35,"column":25}}},"fnMap":{"0":{"name":"(anonymous_0)","decl":{"start":{"line":5,"column":1},"end":{"line":5,"column":2}},"loc":{"start":{"line":5,"column":62},"end":{"line":8,"column":2}},"line":5},"1":{"name":"(anonymous_1)","decl":{"start":{"line":10,"column":1},"end":{"line":10,"column":2}},"loc":{"start":{"line":10,"column":25},"end":{"line":19,"column":2}},"line":10},"2":{"name":"(anonymous_2)","decl":{"start":{"line":21,"column":1},"end":{"line":21,"column":2}},"loc":{"start":{"line":21,"column":45},"end":{"line":23,"column":2}},"line":21},"3":{"name":"(anonymous_3)","decl":{"start":{"line":25,"column":1},"end":{"line":25,"column":2}},"loc":{"start":{"line":25,"column":62},"end":{"line":27,"column":2}},"line":25},"4":{"name":"(anonymous_4)","decl":{"start":{"line":29,"column":1},"end":{"line":29,"column":2}},"loc":{"start":{"line":29,"column":19},"end":{"line":31,"column":2}},"line":29}},"branchMap":{"0":{"loc":{"start":{"line":5,"column":13},"end":{"line":5,"column":60}},"type":"default-arg","locations":[{"start":{"line":5,"column":43},"end":{"line":5,"column":60}}],"line":5}},"s":{"0":1,"1":1,"2":1,"3":3,"4":3,"5":3,"6":3,"7":3,"8":3,"9":3,"10":3,"11":3,"12":1},"f":{"0":1,"1":3,"2":3,"3":3,"4":3},"b":{"0":[0]},"_coverageSchema":"1a1c01bbd47fc00a2c39e90264f33305004495a9","hash":"51ca0f441d5573ed148eaada6b5ba00ce98c2967"}
,"/Users/lukeb/Projects/week10/bank_tech_test/model/transaction_record.js": {"path":"/Users/lukeb/Projects/week10/bank_tech_test/model/transaction_record.js","statementMap":{"0":{"start":{"line":3,"column":2},"end":{"line":3,"column":62}},"1":{"start":{"line":4,"column":2},"end":{"line":4,"column":40}},"2":{"start":{"line":5,"column":2},"end":{"line":5,"column":60}},"3":{"start":{"line":10,"column":2},"end":{"line":10,"column":52}},"4":{"start":{"line":11,"column":2},"end":{"line":11,"column":50}},"5":{"start":{"line":14,"column":31},"end":{"line":14,"column":103}},"6":{"start":{"line":17,"column":2},"end":{"line":17,"column":163}},"7":{"start":{"line":21,"column":2},"end":{"line":21,"column":83}},"8":{"start":{"line":25,"column":2},"end":{"line":25,"column":67}},"9":{"start":{"line":29,"column":0},"end":{"line":29,"column":35}}},"fnMap":{"0":{"name":"(anonymous_0)","decl":{"start":{"line":2,"column":1},"end":{"line":2,"column":2}},"loc":{"start":{"line":2,"column":15},"end":{"line":6,"column":2}},"line":2},"1":{"name":"(anonymous_1)","decl":{"start":{"line":8,"column":1},"end":{"line":8,"column":2}},"loc":{"start":{"line":8,"column":52},"end":{"line":18,"column":2}},"line":8},"2":{"name":"(anonymous_2)","decl":{"start":{"line":20,"column":1},"end":{"line":20,"column":2}},"loc":{"start":{"line":20,"column":69},"end":{"line":22,"column":2}},"line":20},"3":{"name":"(anonymous_3)","decl":{"start":{"line":24,"column":1},"end":{"line":24,"column":2}},"loc":{"start":{"line":24,"column":23},"end":{"line":26,"column":2}},"line":24}},"branchMap":{"0":{"loc":{"start":{"line":25,"column":11},"end":{"line":25,"column":64}},"type":"cond-expr","locations":[{"start":{"line":25,"column":28},"end":{"line":25,"column":30}},{"start":{"line":25,"column":33},"end":{"line":25,"column":64}}],"line":25}},"s":{"0":1,"1":1,"2":1,"3":1,"4":1,"5":1,"6":1,"7":1,"8":2,"9":2},"f":{"0":1,"1":1,"2":1,"3":2},"b":{"0":[1,1]},"_coverageSchema":"1a1c01bbd47fc00a2c39e90264f33305004495a9","hash":"0e16f1da607c0f3e9c7e8e51365c370d727c2721"}
}
