{"/Users/lukeb/Projects/week10/bank_tech_test/account.js": {"path":"/Users/lukeb/Projects/week10/bank_tech_test/account.js","statementMap":{"0":{"start":{"line":4,"column":4},"end":{"line":4,"column":23}},"1":{"start":{"line":5,"column":4},"end":{"line":5,"column":63}},"2":{"start":{"line":6,"column":4},"end":{"line":6,"column":50}},"3":{"start":{"line":7,"column":4},"end":{"line":7,"column":61}},"4":{"start":{"line":12,"column":24},"end":{"line":12,"column":45}},"5":{"start":{"line":13,"column":17},"end":{"line":13,"column":31}},"6":{"start":{"line":14,"column":24},"end":{"line":14,"column":48}},"7":{"start":{"line":15,"column":23},"end":{"line":15,"column":47}},"8":{"start":{"line":17,"column":4},"end":{"line":17,"column":52}},"9":{"start":{"line":18,"column":4},"end":{"line":18,"column":69}},"10":{"start":{"line":22,"column":4},"end":{"line":22,"column":62}},"11":{"start":{"line":27,"column":4},"end":{"line":27,"column":53}},"12":{"start":{"line":28,"column":4},"end":{"line":28,"column":51}},"13":{"start":{"line":31,"column":33},"end":{"line":31,"column":111}},"14":{"start":{"line":34,"column":4},"end":{"line":34,"column":184}},"15":{"start":{"line":38,"column":4},"end":{"line":38,"column":68}},"16":{"start":{"line":42,"column":4},"end":{"line":42,"column":34}},"17":{"start":{"line":47,"column":0},"end":{"line":47,"column":24}}},"fnMap":{"0":{"name":"(anonymous_0)","decl":{"start":{"line":3,"column":2},"end":{"line":3,"column":3}},"loc":{"start":{"line":3,"column":16},"end":{"line":8,"column":3}},"line":3},"1":{"name":"(anonymous_1)","decl":{"start":{"line":10,"column":2},"end":{"line":10,"column":3}},"loc":{"start":{"line":10,"column":26},"end":{"line":19,"column":3}},"line":10},"2":{"name":"(anonymous_2)","decl":{"start":{"line":21,"column":2},"end":{"line":21,"column":3}},"loc":{"start":{"line":21,"column":46},"end":{"line":23,"column":3}},"line":21},"3":{"name":"(anonymous_3)","decl":{"start":{"line":25,"column":2},"end":{"line":25,"column":3}},"loc":{"start":{"line":25,"column":63},"end":{"line":35,"column":3}},"line":25},"4":{"name":"(anonymous_4)","decl":{"start":{"line":37,"column":2},"end":{"line":37,"column":3}},"loc":{"start":{"line":37,"column":24},"end":{"line":39,"column":3}},"line":37},"5":{"name":"(anonymous_5)","decl":{"start":{"line":41,"column":2},"end":{"line":41,"column":3}},"loc":{"start":{"line":41,"column":20},"end":{"line":43,"column":3}},"line":41}},"branchMap":{"0":{"loc":{"start":{"line":38,"column":13},"end":{"line":38,"column":66}},"type":"cond-expr","locations":[{"start":{"line":38,"column":30},"end":{"line":38,"column":32}},{"start":{"line":38,"column":35},"end":{"line":38,"column":66}}],"line":38}},"s":{"0":1,"1":1,"2":1,"3":1,"4":3,"5":3,"6":3,"7":3,"8":3,"9":3,"10":3,"11":3,"12":3,"13":3,"14":3,"15":6,"16":3,"17":1},"f":{"0":1,"1":3,"2":3,"3":3,"4":6,"5":3},"b":{"0":[3,3]},"_coverageSchema":"1a1c01bbd47fc00a2c39e90264f33305004495a9","hash":"cb142bb98af6386732f639ad8f9938c78b64eb85"}
}
