TN:
SF:model/account.js
FN:5,(anonymous_0)
FN:13,(anonymous_1)
FN:24,(anonymous_2)
FN:28,(anonymous_3)
FN:45,(anonymous_4)
FNF:5
FNH:5
FNDA:1,(anonymous_0)
FNDA:3,(anonymous_1)
FNDA:3,(anonymous_2)
FNDA:3,(anonymous_3)
FNDA:3,(anonymous_4)
DA:1,1
DA:6,1
DA:7,1
DA:8,1
DA:9,1
DA:10,1
DA:15,3
DA:16,3
DA:17,3
DA:18,3
DA:20,3
DA:21,3
DA:25,3
DA:29,3
DA:46,3
DA:51,1
LF:16
LH:16
BRF:0
BRH:0
end_of_record
TN:
SF:model/transaction_record.js
FN:2,(anonymous_0)
FN:8,(anonymous_1)
FN:20,(anonymous_2)
FNF:3
FNH:3
FNDA:2,(anonymous_0)
FNDA:4,(anonymous_1)
FNDA:8,(anonymous_2)
DA:3,2
DA:4,2
DA:5,2
DA:10,4
DA:11,4
DA:14,4
DA:17,4
DA:21,8
DA:25,2
LF:9
LH:9
BRDA:21,0,0,4
BRDA:21,0,1,4
BRF:2
BRH:2
end_of_record
